<?xml version="1.0" encoding="UTF-8"?>
<!-- Generated by org.testng.reporters.JUnitReportReporter -->
<testsuite hostname="Parichit" failures="0" tests="1" name="com.google.testCases.TC002" time="2.264" errors="0" timestamp="13 Mar 2022 16:51:37 GMT" skipped="0">
  <testcase classname="com.google.testCases.TC002" name="StartSearch" time="2.264"/>
</testsuite> <!-- com.google.testCases.TC002 -->
